proguard_logs/mapping.txt
org.benzkuai.yijing.BookAbout -> org.benzkuai.yijing.a:
    org.benzkuai.yijing.BookActivity m_activity -> a
    void show() -> a
    org.benzkuai.yijing.BookActivity access$000(org.benzkuai.yijing.BookAbout) -> a
org.benzkuai.yijing.BookAbout$1 -> org.benzkuai.yijing.b:
    org.benzkuai.yijing.BookAbout this$0 -> a
    void onClick(android.content.DialogInterface,int) -> onClick
org.benzkuai.yijing.BookActivity -> org.benzkuai.yijing.BookActivity:
    org.benzkuai.yijing.BookSurfaceView m_bookView -> a
    int MENU_ITEM_DIRECTORY -> b
    int MENU_ITEM_SETTING -> c
    int MENU_ITEM_EXCHANGE -> d
    int MENU_ITEM_AUTO -> e
    int MENU_ITEM_ABOUT -> f
    int MENU_ITEM_UPDATE -> g
    int MENU_ITEM_RESPONSE -> h
    int MENU_ITEM_GOLD_HOUSE -> i
    boolean m_isSelected -> j
    void onCreate(android.os.Bundle) -> onCreate
    void getUpdatePoints(java.lang.String,int) -> getUpdatePoints
    void getUpdatePointsFailed(java.lang.String) -> getUpdatePointsFailed
    void onWindowFocusChanged(boolean) -> onWindowFocusChanged
    boolean onCreateOptionsMenu(android.view.Menu) -> onCreateOptionsMenu
    boolean onPrepareOptionsMenu(android.view.Menu) -> onPrepareOptionsMenu
    void onOptionsMenuClosed(android.view.Menu) -> onOptionsMenuClosed
    boolean onOptionsItemSelected(android.view.MenuItem) -> onOptionsItemSelected
    void onPause() -> onPause
    void onRestart() -> onRestart
    void onStart() -> onStart
    void onDestroy() -> onDestroy
    void onResume() -> onResume
    void gotoChapter(int) -> a
    void setSetting(int,int) -> a
    int getFontSize() -> a
    int getAutoTime() -> b
    java.lang.CharSequence[] getDirectory() -> c
    void continueSomething() -> d
org.benzkuai.yijing.BookBlock -> org.benzkuai.yijing.c:
    int m_offsetBegin -> a
    int m_offsetEnd -> b
    int m_length -> c
    int m_offsetInBlock -> d
    byte[] m_byteArray -> e
    java.lang.CharSequence m_charSequence -> f
    int m_charPosition -> g
    int m_charLength -> h
    void setBegin(int) -> a
    void setEnd(int) -> b
    void obtainBytes(byte[]) -> a
    void decode(java.lang.String) -> a
    int getCharOffset() -> a
    void resetCharOffset() -> b
    int fillPage(android.graphics.Paint,int,int,java.lang.String) -> a
    int drawPage(android.graphics.Canvas,android.graphics.Paint,int,int,int,int,int,int,int) -> a
org.benzkuai.yijing.BookChapter -> org.benzkuai.yijing.d:
    int m_chapterNumber -> a
    byte[] m_byteArray -> b
    int m_block -> c
    int m_offset -> d
    java.util.Vector m_blockVector -> e
    int m_pageCount -> f
    java.util.Map m_pageMap -> g
    void sliceBlock() -> a
    void slicePages(android.graphics.Paint,int,int,java.lang.String) -> a
    int getPageCount() -> b
    void drawPage(android.graphics.Canvas,android.graphics.Paint,int,int,int,int,int,int) -> a
org.benzkuai.yijing.BookChapterInfo -> org.benzkuai.yijing.e:
    java.lang.String m_chapterName -> a
    int m_sizeSelf -> b
    int m_sizeTotal -> c
    int m_pageCount -> d
org.benzkuai.yijing.BookDirectory -> org.benzkuai.yijing.f:
    org.benzkuai.yijing.BookActivity m_activity -> a
    int m_chapterNumber -> b
    void show() -> a
    int access$002(org.benzkuai.yijing.BookDirectory,int) -> a
    int access$000(org.benzkuai.yijing.BookDirectory) -> a
    org.benzkuai.yijing.BookActivity access$100(org.benzkuai.yijing.BookDirectory) -> b
org.benzkuai.yijing.BookDirectory$1 -> org.benzkuai.yijing.g:
    org.benzkuai.yijing.BookDirectory this$0 -> a
    void onClick(android.content.DialogInterface,int) -> onClick
org.benzkuai.yijing.BookDirectory$2 -> org.benzkuai.yijing.h:
    org.benzkuai.yijing.BookDirectory this$0 -> a
    void onClick(android.content.DialogInterface,int) -> onClick
org.benzkuai.yijing.BookDirectory$3 -> org.benzkuai.yijing.i:
    org.benzkuai.yijing.BookDirectory this$0 -> a
    void onClick(android.content.DialogInterface,int) -> onClick
...
android.support.v4.app.FragmentManagerState$1 -> android.support.v4.app.q:
    android.support.v4.app.FragmentManagerState createFromParcel(android.os.Parcel) -> a
    android.support.v4.app.FragmentManagerState[] newArray(int) -> a
    java.lang.Object[] newArray(int) -> newArray
    java.lang.Object createFromParcel(android.os.Parcel) -> createFromParcel
android.support.v4.app.FragmentState -> android.support.v4.app.FragmentState:
    java.lang.String mClassName -> a
    int mIndex -> b
    boolean mFromLayout -> c
    int mFragmentId -> d
    int mContainerId -> e
    java.lang.String mTag -> f
    boolean mRetainInstance -> g
    boolean mDetached -> h
    android.os.Bundle mArguments -> i
    android.os.Bundle mSavedFragmentState -> j
    android.support.v4.app.Fragment mInstance -> k
    android.os.Parcelable$Creator CREATOR -> CREATOR
    android.support.v4.app.Fragment instantiate(android.support.v4.app.FragmentActivity,android.support.v4.app.Fragment) -> a
    int describeContents() -> describeContents
    void writeToParcel(android.os.Parcel,int) -> writeToParcel
android.support.v4.app.FragmentState$1 -> android.support.v4.app.r:
    android.support.v4.app.FragmentState createFromParcel(android.os.Parcel) -> a
    android.support.v4.app.FragmentState[] newArray(int) -> a
    java.lang.Object[] newArray(int) -> newArray
    java.lang.Object createFromParcel(android.os.Parcel) -> createFromParcel
android.support.v4.app.FragmentTabHost -> android.support.v4.app.FragmentTabHost:
    java.util.ArrayList mTabs -> a
    android.content.Context mContext -> b
    android.support.v4.app.FragmentManager mFragmentManager -> c
    int mContainerId -> d
    android.widget.TabHost$OnTabChangeListener mOnTabChangeListener -> e
    android.support.v4.app.FragmentTabHost$TabInfo mLastTab -> f
    boolean mAttached -> g
    void setup() -> setup
    void setOnTabChangedListener(android.widget.TabHost$OnTabChangeListener) -> setOnTabChangedListener
    void onAttachedToWindow() -> onAttachedToWindow
    void onDetachedFromWindow() -> onDetachedFromWindow
    android.os.Parcelable onSaveInstanceState() -> onSaveInstanceState
    void onRestoreInstanceState(android.os.Parcelable) -> onRestoreInstanceState
    void onTabChanged(java.lang.String) -> onTabChanged
    android.support.v4.app.FragmentTransaction doTabChanged(java.lang.String,android.support.v4.app.FragmentTransaction) -> a
android.support.v4.app.FragmentTabHost$1 -> android.support.v4.app.s:
android.support.v4.app.FragmentTabHost$SavedState -> android.support.v4.app.FragmentTabHost$SavedState:
    java.lang.String curTab -> a
    android.os.Parcelable$Creator CREATOR -> CREATOR
    void writeToParcel(android.os.Parcel,int) -> writeToParcel
    java.lang.String toString() -> toString
android.support.v4.app.FragmentTabHost$SavedState$1 -> android.support.v4.app.t:
    android.support.v4.app.FragmentTabHost$SavedState createFromParcel(android.os.Parcel) -> a
    android.support.v4.app.FragmentTabHost$SavedState[] newArray(int) -> a
    java.lang.Object[] newArray(int) -> newArray
    java.lang.Object createFromParcel(android.os.Parcel) -> createFromParcel
android.support.v4.app.FragmentTabHost$TabInfo -> android.support.v4.app.u:
    java.lang.String tag -> a
    java.lang.Class clss -> b
    android.os.Bundle args -> c
    android.support.v4.app.Fragment fragment -> d
    android.support.v4.app.Fragment access$102(android.support.v4.app.FragmentTabHost$TabInfo,android.support.v4.app.Fragment) -> a
    android.support.v4.app.Fragment access$100(android.support.v4.app.FragmentTabHost$TabInfo) -> a
    java.lang.String access$200(android.support.v4.app.FragmentTabHost$TabInfo) -> b
    java.lang.Class access$300(android.support.v4.app.FragmentTabHost$TabInfo) -> c
    android.os.Bundle access$400(android.support.v4.app.FragmentTabHost$TabInfo) -> d